<?xml version="1.0" encoding="UTF-8"?>
<!-- Generated by org.testng.reporters.JUnitXMLReporter -->
<testsuite hostname="DESKTOP-B49VQ4K" ignored="0" name="Default test" tests="4" failures="0" timestamp="2020-07-02T14:01:57 IST" time="19.515" errors="0">
  <testcase name="loginPage" time="6.983" classname="com.testcase.AllUseCase"/>
  <testcase name="orderPage" time="2.448" classname="com.testcase.AllUseCase"/>
  <testcase name="updateOrderWithNewAddress" time="3.986" classname="com.testcase.AllUseCase"/>
  <testcase name="deleteOrder" time="1.53" classname="com.testcase.AllUseCase"/>
</testsuite> <!-- Default test -->
